<?xml version="1.0" encoding="UTF-8"?>
<!--
    JBoss, Home of Professional Open Source
    Copyright 2013, Red Hat, Inc. and/or its affiliates, and individual
    contributors by the @authors tag. See the copyright.txt in the
    distribution for a full listing of individual contributors.

    Licensed under the Apache License, Version 2.0 (the "License");
    you may not use this file except in compliance with the License.
    You may obtain a copy of the License at
    http://www.apache.org/licenses/LICENSE-2.0
    Unless required by applicable law or agreed to in writing, software
    distributed under the License is distributed on an "AS IS" BASIS,
    WITHOUT WARRANTIES OR CONDITIONS OF ANY KIND, either express or implied.
    See the License for the specific language governing permissions and
    limitations under the License.
-->
<persistence version="2.0"
   xmlns="http://java.sun.com/xml/ns/persistence" xmlns:xsi="http://www.w3.org/2001/XMLSchema-instance"
   xsi:schemaLocation="
        http://java.sun.com/xml/ns/persistence
        http://java.sun.com/xml/ns/persistence/persistence_2_0.xsd">
   <persistence-unit name="edu.chalmers.nimby">
      <jta-data-source>java:/nimby</jta-data-source>
      <class>model.Account</class>
      <class>model.Federation</class>
      <class>model.HasScore</class>
      <class>model.HasScorePK</class>
      <class>model.Scoreboard</class>
      <class>model.Ship</class>
      <properties>
         <!-- Properties for Hibernate -->
         <property name="hibernate.hbm2ddl.auto" value="create-drop" />
         <property name="hibernate.show_sql" value="true" />
         <!-- mysql connection -->
         <property name="javax.persistence.jdbc.driver" value="com.mysql.jdbc.Driver" />
         <property name="javax.persistence.jdbc.url" value="jdbc:mysql://localhost:3306/nimby_acc_server_db_test" />
         <property name="javax.persistence.jdbc.user" value="nimby" />
         <property name="javax.persistence.jdbc.password" value="nimby" />
               </properties>
   </persistence-unit>
   
   </persistence>

   